[debug] [2020-08-04T05:45:09.354Z] ----------------------------------------------------------------------
[debug] [2020-08-04T05:45:09.356Z] Command:       /usr/bin/node /usr/bin/firebase serve --only hosting
[debug] [2020-08-04T05:45:09.356Z] CLI Version:   8.6.0
[debug] [2020-08-04T05:45:09.356Z] Platform:      linux
[debug] [2020-08-04T05:45:09.356Z] Node Version:  v12.18.2
[debug] [2020-08-04T05:45:09.357Z] Time:          Mon Aug 03 2020 22:45:09 GMT-0700 (Pacific Daylight Time)
[debug] [2020-08-04T05:45:09.357Z] ----------------------------------------------------------------------
[debug] [2020-08-04T05:45:09.357Z] 
[debug] [2020-08-04T05:45:09.362Z] > command requires scopes: ["email","openid","https://www.googleapis.com/auth/cloudplatformprojects.readonly","https://www.googleapis.com/auth/firebase","https://www.googleapis.com/auth/cloud-platform"]
[debug] [2020-08-04T05:45:09.362Z] > authorizing via signed-in user
[debug] [2020-08-04T05:45:09.362Z] [iam] checking project friendlychat-9b807 for permissions ["firebase.projects.get"]
[debug] [2020-08-04T05:45:09.364Z] >>> HTTP REQUEST POST https://cloudresourcemanager.googleapis.com/v1/projects/friendlychat-9b807:testIamPermissions  
 {"permissions":["firebase.projects.get"]}
[debug] [2020-08-04T05:45:09.500Z] <<< HTTP RESPONSE 200 {"content-type":"application/json; charset=UTF-8","vary":"X-Origin, Referer, Origin,Accept-Encoding","date":"Tue, 04 Aug 2020 05:45:12 GMT","server":"ESF","cache-control":"private","x-xss-protection":"0","x-frame-options":"SAMEORIGIN","x-content-type-options":"nosniff","server-timing":"gfet4t7; dur=78","alt-svc":"h3-29=\":443\"; ma=2592000,h3-27=\":443\"; ma=2592000,h3-T050=\":443\"; ma=2592000,h3-Q050=\":443\"; ma=2592000,h3-Q046=\":443\"; ma=2592000,h3-Q043=\":443\"; ma=2592000,quic=\":443\"; ma=2592000; v=\"46,43\"","accept-ranges":"none","transfer-encoding":"chunked"}
[debug] [2020-08-04T05:45:09.501Z] >>> HTTP REQUEST GET https://firebase.googleapis.com/v1beta1/projects/friendlychat-9b807  
 
[debug] [2020-08-04T05:45:09.636Z] <<< HTTP RESPONSE 200 {"content-type":"application/json; charset=UTF-8","vary":"X-Origin, Referer, Origin,Accept-Encoding","date":"Tue, 04 Aug 2020 05:45:12 GMT","server":"ESF","cache-control":"private","x-xss-protection":"0","x-frame-options":"SAMEORIGIN","x-content-type-options":"nosniff","alt-svc":"h3-29=\":443\"; ma=2592000,h3-27=\":443\"; ma=2592000,h3-T050=\":443\"; ma=2592000,h3-Q050=\":443\"; ma=2592000,h3-Q046=\":443\"; ma=2592000,h3-Q043=\":443\"; ma=2592000,quic=\":443\"; ma=2592000; v=\"46,43\"","accept-ranges":"none","transfer-encoding":"chunked"}
[debug] [2020-08-04T05:45:09.638Z] >>> HTTP REQUEST GET https://firebase.googleapis.com/v1beta1/projects/friendlychat-9b807/webApps/-/config  
 
[debug] [2020-08-04T05:45:10.030Z] <<< HTTP RESPONSE 200 {"content-type":"application/json; charset=UTF-8","vary":"X-Origin, Referer, Origin,Accept-Encoding","date":"Tue, 04 Aug 2020 05:45:13 GMT","server":"ESF","cache-control":"private","x-xss-protection":"0","x-frame-options":"SAMEORIGIN","x-content-type-options":"nosniff","alt-svc":"h3-29=\":443\"; ma=2592000,h3-27=\":443\"; ma=2592000,h3-T050=\":443\"; ma=2592000,h3-Q050=\":443\"; ma=2592000,h3-Q046=\":443\"; ma=2592000,h3-Q043=\":443\"; ma=2592000,quic=\":443\"; ma=2592000; v=\"46,43\"","accept-ranges":"none","transfer-encoding":"chunked"}
[info] i  hosting: Serving hosting files from: ./public {"metadata":{"emulator":{"name":"hosting"},"message":"Serving hosting files from: \u001b[1m./public\u001b[22m"}}
[info] ✔  hosting: Local server: http://localhost:5000 {"metadata":{"emulator":{"name":"hosting"},"message":"Local server: \u001b[4m\u001b[1mhttp://localhost:5000\u001b[22m\u001b[24m"}}
